<?xml version="1.0" encoding="UTF-8"?>
<!-- Generated by org.testng.reporters.JUnitXMLReporter -->
<testsuite ignored="1" hostname="DESKTOP-Q7BRIKC" failures="0" tests="3" name="Test1" time="0.062" errors="0" timestamp="2025-08-15T16:22:26 IST">
  <testcase classname="testDemo.AnnotationsWebOrders" name="@BeforeClass setUp" time="0.008">
    <failure type="java.lang.NullPointerException" message="Cannot invoke &amp;quot;org.openqa.selenium.WebDriver.manage()&amp;quot; because &amp;quot;this.driver&amp;quot; is null">
      <![CDATA[java.lang.NullPointerException: Cannot invoke "org.openqa.selenium.WebDriver.manage()" because "this.driver" is null
at testDemo.AnnotationsWebOrders.setUp(AnnotationsWebOrders.java:52)
at java.base/java.util.ArrayList.forEach(ArrayList.java:1597)
... Removed 23 stack frames]]>
    </failure>
  </testcase> <!-- @BeforeClass setUp -->
  <testcase classname="testDemo.AnnotationsWebOrders" name="@AfterClass tearDown" time="0.0">
    <skipped/>
  </testcase> <!-- @AfterClass tearDown -->
  <testcase classname="testDemo.AnnotationsWebOrders" name="verifyHomePage" time="0.001">
    <skipped/>
  </testcase> <!-- verifyHomePage -->
  <testcase classname="testDemo.AnnotationsWebOrders" name="viewAllOrders" time="0.0">
    <skipped/>
  </testcase> <!-- viewAllOrders -->
  <testcase classname="testDemo.AnnotationsWebOrders" name="placeOrder" time="0.0">
    <skipped/>
  </testcase> <!-- placeOrder -->
  <testcase classname="testDemo.AnnotationsWebOrders" name="viewAllProducts" time="0.0">
    <ignored/>
  </testcase> <!-- viewAllProducts -->
</testsuite> <!-- Test1 -->
