<?xml version="1.0" encoding="UTF-8"?>
<testng-results ignored="0" total="1" passed="1" failed="0" skipped="0">
  <reporter-output>
  </reporter-output>
  <suite started-at="2025-08-20T17:27:03 IST" name="Default suite" finished-at="2025-08-20T17:27:06 IST" duration-ms="3686">
    <groups>
    </groups>
    <test started-at="2025-08-20T17:27:03 IST" name="Default test" finished-at="2025-08-20T17:27:06 IST" duration-ms="3686">
      <class name="testDemo.DatePickerWithJS">
        <test-method is-config="true" signature="LaunchBrowser()[pri:0, instance:testDemo.DatePickerWithJS@6c40365c]" started-at="2025-08-20T17:27:03 IST" name="LaunchBrowser" finished-at="2025-08-20T17:27:06 IST" duration-ms="3537" status="PASS">
          <reporter-output>
          </reporter-output>
        </test-method> <!-- LaunchBrowser -->
        <test-method signature="DatePickerJS()[pri:0, instance:testDemo.DatePickerWithJS@6c40365c]" started-at="2025-08-20T17:27:06 IST" name="DatePickerJS" finished-at="2025-08-20T17:27:06 IST" duration-ms="101" status="PASS">
          <reporter-output>
          </reporter-output>
        </test-method> <!-- DatePickerJS -->
      </class> <!-- testDemo.DatePickerWithJS -->
    </test> <!-- Default test -->
  </suite> <!-- Default suite -->
</testng-results>
