<?xml version="1.0" encoding="UTF-8"?>
<!-- Generated by org.testng.reporters.JUnitXMLReporter -->
<testsuite ignored="0" hostname="DESKTOP-Q7BRIKC" failures="0" tests="4" name="Default test" time="35.398" errors="0" timestamp="2025-08-18T17:05:27 IST">
  <testcase classname="testDemo.SauceLoginTest" name="loginTest" time="0.297"/>
  <testcase classname="testDemo.SauceLoginTest" name="loginTest" time="0.27"/>
  <testcase classname="testDemo.SauceLoginTest" name="loginTest" time="5.288"/>
  <testcase classname="testDemo.SauceLoginTest" name="loginTest" time="0.266"/>
</testsuite> <!-- Default test -->
